Using pre-set license
Built from '2020.3/china_unity/release' branch; Version is '2020.3.46f1c1 (f6417274fcae) revision 16138610'; Using compiler version '192528614'; Build Type 'Release'
OS: 'Windows 11  (10.0.22621) 64bit CoreCountrySpecific' Language: 'zh' Physical Memory: 16082 MB
BatchMode: 1, IsHumanControllingUs: 0, StartBugReporterOnCrash: 0, Is64bit: 1, IsPro: 0

COMMAND LINE ARGUMENTS:
D:\Unity Hub\Hub\Editor\2020.3.46f1c1\Editor\Unity.exe
-adb2
-batchMode
-noUpm
-name
AssetImportWorker0
-projectPath
E:/Unity Hub_project/sample2
-logFile
Logs/AssetImportWorker0.log
-srvPort
61143
Successfully changed project path to: E:/Unity Hub_project/sample2
E:/Unity Hub_project/sample2
Using Asset Import Pipeline V2.
Player connection [24888] Host "[IP] 10.252.62.55 [Port] 2953006304 [Flags] 2 [Guid] 4242308577 [EditorId] 4242308577 [Version] 1048832 [Id] WindowsEditor(7,DESKTOP-2GP8O9P) [Debug] 1 [PackageName] WindowsEditor [ProjectName] Editor" joined multi-casting on [225.0.0.222:54997]...

Player connection [24888] Host "[IP] 10.252.62.55 [Port] 2953006304 [Flags] 2 [Guid] 4242308577 [EditorId] 4242308577 [Version] 1048832 [Id] WindowsEditor(7,DESKTOP-2GP8O9P) [Debug] 1 [PackageName] WindowsEditor [ProjectName] Editor" joined alternative multi-casting on [225.0.0.222:34997]...

AS: AutoStreaming module initializing.Refreshing native plugins compatible for Editor in 27.04 ms, found 2 plugins.
Preloading 0 native plugins for Editor in 0.00 ms.
Initialize engine version: 2020.3.46f1c1 (f6417274fcae)
[Subsystems] Discovering subsystems at path D:/Unity Hub/Hub/Editor/2020.3.46f1c1/Editor/Data/Resources/UnitySubsystems
[Subsystems] Discovering subsystems at path E:/Unity Hub_project/sample2/Assets
GfxDevice: creating device client; threaded=0
Direct3D:
    Version:  Direct3D 11.0 [level 11.1]
    Renderer: Intel(R) Iris(R) Xe Graphics (ID=0x9a49)
    Vendor:   
    VRAM:     8041 MB
    Driver:   31.0.101.4146
Initialize mono
Mono path[0] = 'D:/Unity Hub/Hub/Editor/2020.3.46f1c1/Editor/Data/Managed'
Mono path[1] = 'D:/Unity Hub/Hub/Editor/2020.3.46f1c1/Editor/Data/MonoBleedingEdge/lib/mono/unityjit'
Mono config path = 'D:/Unity Hub/Hub/Editor/2020.3.46f1c1/Editor/Data/MonoBleedingEdge/etc'
Using monoOptions --debugger-agent=transport=dt_socket,embedding=1,server=y,suspend=n,address=127.0.0.1:56268
Begin MonoManager ReloadAssembly
Registering precompiled unity dll's ...
Register platform support module: D:/Unity Hub/Hub/Editor/2020.3.46f1c1/Editor/Data/PlaybackEngines/WindowsStandaloneSupport/UnityEditor.WindowsStandalone.Extensions.dll
Registered in 0.000622 seconds.
Native extension for WindowsStandalone target not found
Refreshing native plugins compatible for Editor in 26.42 ms, found 2 plugins.
Preloading 0 native plugins for Editor in 0.00 ms.
Mono: successfully reloaded assembly
- Completed reload, in  0.438 seconds
Domain Reload Profiling:
	ReloadAssembly (438ms)
		BeginReloadAssembly (73ms)
			ExecutionOrderSort (0ms)
			DisableScriptedObjects (0ms)
			BackupInstance (0ms)
			ReleaseScriptingObjects (0ms)
			CreateAndSetChildDomain (1ms)
		EndReloadAssembly (315ms)
			LoadAssemblies (72ms)
			RebuildTransferFunctionScriptingTraits (0ms)
			SetupTypeCache (104ms)
			ReleaseScriptCaches (0ms)
			RebuildScriptCaches (25ms)
			SetupLoadedEditorAssemblies (113ms)
				LogAssemblyErrors (0ms)
				InitializePlatformSupportModulesInManaged (3ms)
				SetLoadedEditorAssemblies (0ms)
				RefreshPlugins (26ms)
				BeforeProcessingInitializeOnLoad (7ms)
				ProcessInitializeOnLoadAttributes (57ms)
				ProcessInitializeOnLoadMethodAttributes (20ms)
				AfterProcessingInitializeOnLoad (0ms)
				EditorAssembliesLoaded (0ms)
			ExecutionOrderSort2 (0ms)
			AwakeInstancesAfterBackupRestoration (0ms)
Platform modules already initialized, skipping
Registering precompiled user dll's ...
Registered in 0.001401 seconds.
Begin MonoManager ReloadAssembly
Native extension for WindowsStandalone target not found
Refreshing native plugins compatible for Editor in 0.29 ms, found 2 plugins.
Preloading 0 native plugins for Editor in 0.00 ms.
Mono: successfully reloaded assembly
- Completed reload, in  0.816 seconds
Domain Reload Profiling:
	ReloadAssembly (816ms)
		BeginReloadAssembly (108ms)
			ExecutionOrderSort (0ms)
			DisableScriptedObjects (3ms)
			BackupInstance (0ms)
			ReleaseScriptingObjects (0ms)
			CreateAndSetChildDomain (15ms)
		EndReloadAssembly (668ms)
			LoadAssemblies (70ms)
			RebuildTransferFunctionScriptingTraits (0ms)
			SetupTypeCache (181ms)
			ReleaseScriptCaches (0ms)
			RebuildScriptCaches (31ms)
			SetupLoadedEditorAssemblies (343ms)
				LogAssemblyErrors (0ms)
				InitializePlatformSupportModulesInManaged (3ms)
				SetLoadedEditorAssemblies (0ms)
				RefreshPlugins (0ms)
				BeforeProcessingInitializeOnLoad (35ms)
				ProcessInitializeOnLoadAttributes (295ms)
				ProcessInitializeOnLoadMethodAttributes (7ms)
				AfterProcessingInitializeOnLoad (2ms)
				EditorAssembliesLoaded (0ms)
			ExecutionOrderSort2 (0ms)
			AwakeInstancesAfterBackupRestoration (1ms)
Platform modules already initialized, skipping
========================================================================
Worker process is ready to serve import requests
Launched and connected shader compiler UnityShaderCompiler.exe after 0.04 seconds
Refreshing native plugins compatible for Editor in 0.28 ms, found 2 plugins.
Preloading 0 native plugins for Editor in 0.00 ms.
Unloading 1322 Unused Serialized files (Serialized files now loaded: 0)
System memory in use before: 79.1 MB.
System memory in use after: 79.1 MB.

Unloading 17 unused Assets to reduce memory usage. Loaded Objects now: 1777.
Total: 2.698400 ms (FindLiveObjects: 0.083700 ms CreateObjectMapping: 0.023900 ms MarkObjects: 2.479000 ms  DeleteObjects: 0.111000 ms)

AssetImportParameters requested are different than current active one (requested -> active):
  custom:framework-win-MediaFoundation: 216162199b28c13a410421893ffa2e32 -> 
  custom:video-decoder-ogg-theora: a1e56fd34408186e4bbccfd4996cb3dc -> 
  custom:container-muxer-webm: aa71ff27fc2769a1b78a27578f13a17b -> 
  custom:container-demuxer-webm: 4f35f7cbe854078d1ac9338744f61a02 -> 
  custom:container-demuxer-ogg: 62fdf1f143b41e24485cea50d1cbac27 -> 
  custom:video-encoder-webm-vp8: eb34c28f22e8b96e1ab97ce403110664 -> 
  custom:video-codec-MediaFoundation-h265: 746d11721c4dcdbdad8f713fa42b33f4 -> 
  custom:video-decoder-webm-vp8: 9c59270c3fd7afecdb556c50c9e8de78 -> 
  custom:audio-decoder-ogg-vorbis: bf7c407c2cedff20999df2af8eb42d56 -> 
  custom:audio-encoder-webm-vorbis: bf7c407c2cedff20999df2af8eb42d56 -> 
========================================================================
Received Import Request.
  path: Assets/EmaceArt/Slavic World Free/URP_Support
  artifactKey: Guid(645b24914e0c79f409fc91395f9af8aa) Importer(815301076,1909f56bfc062723c751e8b465ee728b)
Start importing Assets/EmaceArt/Slavic World Free/URP_Support using Guid(645b24914e0c79f409fc91395f9af8aa) Importer(815301076,1909f56bfc062723c751e8b465ee728b)  -> (artifact id: '3b0cc8154a8886b5f6283498e6671252') in 0.003542 seconds 
========================================================================
Received Import Request.
  Time since last request: 0.000240 seconds.
  path: Assets/EmaceArt/Slavic World Free/URP_Support/URP_Slavica_Volume_Profile.asset
  artifactKey: Guid(c1a28a38f22075541bccbd2d521edd28) Importer(815301076,1909f56bfc062723c751e8b465ee728b)
Start importing Assets/EmaceArt/Slavic World Free/URP_Support/URP_Slavica_Volume_Profile.asset using Guid(c1a28a38f22075541bccbd2d521edd28) Importer(815301076,1909f56bfc062723c751e8b465ee728b)  -> (artifact id: '71b2c679c2918e27d98faa45e45dd8d9') in 0.024519 seconds 
========================================================================
Received Import Request.
  Time since last request: 0.154755 seconds.
  path: Assets/EmaceArt/Slavic World Free/Thanks and checkout this
  artifactKey: Guid(9b8c300fd72328743893f6c3a05071cc) Importer(815301076,1909f56bfc062723c751e8b465ee728b)
Start importing Assets/EmaceArt/Slavic World Free/Thanks and checkout this using Guid(9b8c300fd72328743893f6c3a05071cc) Importer(815301076,1909f56bfc062723c751e8b465ee728b)  -> (artifact id: '02e13cc2ba28d284e03f708bc3082ece') in 0.001195 seconds 
========================================================================
Received Import Request.
  Time since last request: 1.860049 seconds.
  path: Assets/EmaceArt/Slavic World Free/Prefabs
  artifactKey: Guid(d29e89a2c05245f4896444fe4987193a) Importer(815301076,1909f56bfc062723c751e8b465ee728b)
Start importing Assets/EmaceArt/Slavic World Free/Prefabs using Guid(d29e89a2c05245f4896444fe4987193a) Importer(815301076,1909f56bfc062723c751e8b465ee728b)  -> (artifact id: 'c300288e6caeea1f0ecead3f3471d7b0') in 0.001221 seconds 
========================================================================
Received Import Request.
  Time since last request: 0.125834 seconds.
  path: Assets/EmaceArt/Slavic World Free/Prefabs/EA_Room_Comp_3X3_PRE.prefab
  artifactKey: Guid(7bf24ab952eecba429c33f37cbf93bb3) Importer(815301076,1909f56bfc062723c751e8b465ee728b)
Start importing Assets/EmaceArt/Slavic World Free/Prefabs/EA_Room_Comp_3X3_PRE.prefab using Guid(7bf24ab952eecba429c33f37cbf93bb3) Importer(815301076,1909f56bfc062723c751e8b465ee728b)  -> (artifact id: '55873639aa9c7c015353e9373c15dffd') in 0.103186 seconds 
========================================================================
Received Import Request.
  Time since last request: 0.000462 seconds.
  path: Assets/EmaceArt/Slavic World Free/Prefabs/EA_Room_Int_LivingRoom_Comp_7x7_01b_PRE.prefab
  artifactKey: Guid(3a7485f2f87e412438db59450e905eb3) Importer(815301076,1909f56bfc062723c751e8b465ee728b)
Start importing Assets/EmaceArt/Slavic World Free/Prefabs/EA_Room_Int_LivingRoom_Comp_7x7_01b_PRE.prefab using Guid(3a7485f2f87e412438db59450e905eb3) Importer(815301076,1909f56bfc062723c751e8b465ee728b)  -> (artifact id: '6892c03f9726c665f0e63235e7b2b7e2') in 0.053775 seconds 
========================================================================
Received Import Request.
  Time since last request: 0.000477 seconds.
  path: Assets/EmaceArt/Slavic World Free/Prefabs/EA_Room_Int_LivingRoom_Comp_7x7_01c_PRE.prefab
  artifactKey: Guid(1d6ec208d717eb64b9b40a229d2e2fd1) Importer(815301076,1909f56bfc062723c751e8b465ee728b)
Start importing Assets/EmaceArt/Slavic World Free/Prefabs/EA_Room_Int_LivingRoom_Comp_7x7_01c_PRE.prefab using Guid(1d6ec208d717eb64b9b40a229d2e2fd1) Importer(815301076,1909f56bfc062723c751e8b465ee728b)  -> (artifact id: '91578a55fcc5bead9ea6eb709aeff3af') in 0.048471 seconds 
========================================================================
Received Import Request.
  Time since last request: 0.000303 seconds.
  path: Assets/EmaceArt/Slavic World Free/Prefabs/EA_Room_Int_Kitchen_Comp_7x10_01a_PRE.prefab
  artifactKey: Guid(dde4e20405bbdff44a7a8e57f9f6eab8) Importer(815301076,1909f56bfc062723c751e8b465ee728b)
Start importing Assets/EmaceArt/Slavic World Free/Prefabs/EA_Room_Int_Kitchen_Comp_7x10_01a_PRE.prefab using Guid(dde4e20405bbdff44a7a8e57f9f6eab8) Importer(815301076,1909f56bfc062723c751e8b465ee728b)  -> (artifact id: '55a90f0b3922cad01d7a63fd8c18f79f') in 0.060428 seconds 
========================================================================
Received Import Request.
  Time since last request: 0.000318 seconds.
  path: Assets/EmaceArt/Slavic World Free/Prefabs/EA_Room_Int_LivingRoom_Comp_7x7_01a_PRE.prefab
  artifactKey: Guid(ba5f2411d6356e74f960d5b2dd2d1c77) Importer(815301076,1909f56bfc062723c751e8b465ee728b)
Start importing Assets/EmaceArt/Slavic World Free/Prefabs/EA_Room_Int_LivingRoom_Comp_7x7_01a_PRE.prefab using Guid(ba5f2411d6356e74f960d5b2dd2d1c77) Importer(815301076,1909f56bfc062723c751e8b465ee728b)  -> (artifact id: '8f9132a2e73e5ea067e28f994dbb510a') in 0.023057 seconds 
========================================================================
Received Import Request.
  Time since last request: 1.747961 seconds.
  path: Assets/EmaceArt/Slavic World Free/Plugin
  artifactKey: Guid(c9535d35dbbd5bf43a6254629876a53f) Importer(815301076,1909f56bfc062723c751e8b465ee728b)
Start importing Assets/EmaceArt/Slavic World Free/Plugin using Guid(c9535d35dbbd5bf43a6254629876a53f) Importer(815301076,1909f56bfc062723c751e8b465ee728b)  -> (artifact id: '92d95975468b3bf2b8bd29836914028a') in 0.001679 seconds 
========================================================================
Received Import Request.
  Time since last request: 0.088607 seconds.
  path: Assets/EmaceArt/Slavic World Free/Plugin/Wind_Noise.tif
  artifactKey: Guid(8df763d702bf3e642a8f562e8ba6b185) Importer(815301076,1909f56bfc062723c751e8b465ee728b)
Start importing Assets/EmaceArt/Slavic World Free/Plugin/Wind_Noise.tif using Guid(8df763d702bf3e642a8f562e8ba6b185) Importer(815301076,1909f56bfc062723c751e8b465ee728b)  -> (artifact id: 'bd1f79348180a86727eb83b2cd0cae33') in 0.027180 seconds 
========================================================================
Received Import Request.
  Time since last request: 0.000425 seconds.
  path: Assets/EmaceArt/Slavic World Free/Plugin/Wind_Noise2.tif
  artifactKey: Guid(4515072f4cd4005429ced623f2abc6be) Importer(815301076,1909f56bfc062723c751e8b465ee728b)
Start importing Assets/EmaceArt/Slavic World Free/Plugin/Wind_Noise2.tif using Guid(4515072f4cd4005429ced623f2abc6be) Importer(815301076,1909f56bfc062723c751e8b465ee728b)  -> (artifact id: 'bc8572a893e29c51965c7f755e332584') in 0.008434 seconds 
========================================================================
Received Import Request.
  Time since last request: 5.338425 seconds.
  path: Assets/EmaceArt/Slavic World Free/_CommonFiles
  artifactKey: Guid(bba2a6cec04c1cd4cb661914973e83b8) Importer(815301076,1909f56bfc062723c751e8b465ee728b)
Start importing Assets/EmaceArt/Slavic World Free/_CommonFiles using Guid(bba2a6cec04c1cd4cb661914973e83b8) Importer(815301076,1909f56bfc062723c751e8b465ee728b)  -> (artifact id: 'aff5032e26ab70cc830db2d5c4d460d5') in 0.001357 seconds 
AssetImportWorkerClient::OnTransportError - code=2 error=End of file
